-------------------------------------------------------------------------------
Test set: rmv.oop.task4.MainTest
-------------------------------------------------------------------------------
Tests run: 1, Failures: 1, Errors: 0, Skipped: 0, Time elapsed: 3.011 s <<< FAILURE! - in rmv.oop.task4.MainTest
run  Time elapsed: 0.059 s  <<< FAILURE!
org.mockito.exceptions.verification.WantedButNotInvoked: 

Wanted but not invoked:
classInfoService.printClassInfo(
    "D:/Users/Rostyslav/IdeaProjects/ClassInfo/src/main/java/rmv/oop/task4/model/TestClass2.class",
    "rmv.oop.task4.model.TestClass2"
);
-> at rmv.oop.task4.MainTest.run(MainTest.java:31)
Actually, there were zero interactions with this mock.

	at rmv.oop.task4.MainTest.run(MainTest.java:31)

