<?xml version="1.0" encoding="UTF-8"?>
<testsuite xmlns:xsi="http://www.w3.org/2001/XMLSchema-instance" xsi:noNamespaceSchemaLocation="https://maven.apache.org/surefire/maven-surefire-plugin/xsd/surefire-test-report.xsd" name="rmv.oop.task4.MainTest" time="3.011" tests="1" errors="0" skipped="0" failures="1">
  <properties>
[...]
</properties>
  <testcase name="run" classname="rmv.oop.task4.MainTest" time="0.059">
    <failure message="&#10;Wanted but not invoked:&#10;classInfoService.printClassInfo(&#10;    &quot;D:/Users/Rostyslav/IdeaProjects/ClassInfo/src/main/java/rmv/oop/task4/model/TestClass2.class&quot;,&#10;    &quot;rmv.oop.task4.model.TestClass2&quot;&#10;);&#10;-&gt; at rmv.oop.task4.MainTest.run(MainTest.java:31)&#10;Actually, there were zero interactions with this mock.&#10;" type="org.mockito.exceptions.verification.WantedButNotInvoked">org.mockito.exceptions.verification.WantedButNotInvoked: 

Wanted but not invoked:
classInfoService.printClassInfo(
    "D:/Users/Rostyslav/IdeaProjects/ClassInfo/src/main/java/rmv/oop/task4/model/TestClass2.class",
    "rmv.oop.task4.model.TestClass2"
);
-> at rmv.oop.task4.MainTest.run(MainTest.java:31)
Actually, there were zero interactions with this mock.

	at rmv.oop.task4.MainTest.run(MainTest.java:31)
</failure>
    <system-out><![CDATA[22:28:27.735 [main] DEBUG org.springframework.test.context.BootstrapUtils - Instantiating CacheAwareContextLoaderDelegate from class [org.springframework.test.context.cache.DefaultCacheAwareContextLoaderDelegate]
22:28:27.736 [main] DEBUG org.springframework.test.context.BootstrapUtils - Instantiating BootstrapContext using constructor [public org.springframework.test.context.support.DefaultBootstrapContext(java.lang.Class,org.springframework.test.context.CacheAwareContextLoaderDelegate)]
22:28:27.737 [main] DEBUG org.springframework.test.context.BootstrapUtils - Instantiating TestContextBootstrapper for test class [rmv.oop.task4.MainTest] from class [org.springframework.boot.test.context.SpringBootTestContextBootstrapper]
22:28:27.738 [main] INFO org.springframework.boot.test.context.SpringBootTestContextBootstrapper - Neither @ContextConfiguration nor @ContextHierarchy found for test class [rmv.oop.task4.MainTest], using SpringBootContextLoader
22:28:27.739 [main] DEBUG org.springframework.test.context.support.AbstractContextLoader - Did not detect default resource location for test class [rmv.oop.task4.MainTest]: class path resource [rmv/oop/task4/MainTest-context.xml] does not exist
22:28:27.740 [main] DEBUG org.springframework.test.context.support.AbstractContextLoader - Did not detect default resource location for test class [rmv.oop.task4.MainTest]: class path resource [rmv/oop/task4/MainTestContext.groovy] does not exist
22:28:27.741 [main] INFO org.springframework.test.context.support.AbstractContextLoader - Could not detect default resource locations for test class [rmv.oop.task4.MainTest]: no resource found for suffixes {-context.xml, Context.groovy}.
22:28:27.741 [main] INFO org.springframework.test.context.support.AnnotationConfigContextLoaderUtils - Could not detect default configuration classes for test class [rmv.oop.task4.MainTest]: MainTest does not declare any static, non-private, non-final, nested classes annotated with @Configuration.
22:28:27.744 [main] DEBUG org.springframework.test.context.support.ActiveProfilesUtils - Could not find an 'annotation declaring class' for annotation type [org.springframework.test.context.ActiveProfiles] and class [rmv.oop.task4.MainTest]
22:28:27.923 [main] DEBUG org.springframework.context.annotation.ClassPathScanningCandidateComponentProvider - Identified candidate component class: file [D:\Users\Rostyslav\IdeaProjects\ClassInfo\target\classes\rmv\oop\task4\Main.class]
22:28:27.928 [main] INFO org.springframework.boot.test.context.SpringBootTestContextBootstrapper - Found @SpringBootConfiguration rmv.oop.task4.Main for test class rmv.oop.task4.MainTest
22:28:28.242 [main] DEBUG org.springframework.boot.test.context.SpringBootTestContextBootstrapper - @TestExecutionListeners is not present for class [rmv.oop.task4.MainTest]: using defaults.
22:28:28.244 [main] INFO org.springframework.boot.test.context.SpringBootTestContextBootstrapper - Loaded default TestExecutionListener class names from location [META-INF/spring.factories]: [org.springframework.boot.test.mock.mockito.MockitoTestExecutionListener, org.springframework.boot.test.mock.mockito.ResetMocksTestExecutionListener, org.springframework.boot.test.autoconfigure.restdocs.RestDocsTestExecutionListener, org.springframework.boot.test.autoconfigure.web.client.MockRestServiceServerResetTestExecutionListener, org.springframework.boot.test.autoconfigure.web.servlet.MockMvcPrintOnlyOnFailureTestExecutionListener, org.springframework.boot.test.autoconfigure.web.servlet.WebDriverTestExecutionListener, org.springframework.boot.test.autoconfigure.webservices.client.MockWebServiceServerTestExecutionListener, org.springframework.test.context.web.ServletTestExecutionListener, org.springframework.test.context.support.DirtiesContextBeforeModesTestExecutionListener, org.springframework.test.context.support.DependencyInjectionTestExecutionListener, org.springframework.test.context.support.DirtiesContextTestExecutionListener, org.springframework.test.context.transaction.TransactionalTestExecutionListener, org.springframework.test.context.jdbc.SqlScriptsTestExecutionListener, org.springframework.test.context.event.EventPublishingTestExecutionListener]
22:28:28.270 [main] DEBUG org.springframework.boot.test.context.SpringBootTestContextBootstrapper - Skipping candidate TestExecutionListener [org.springframework.test.context.web.ServletTestExecutionListener] due to a missing dependency. Specify custom listener classes or make the default listener classes and their required dependencies available. Offending class: [javax/servlet/ServletContext]
22:28:28.277 [main] DEBUG org.springframework.boot.test.context.SpringBootTestContextBootstrapper - Skipping candidate TestExecutionListener [org.springframework.test.context.transaction.TransactionalTestExecutionListener] due to a missing dependency. Specify custom listener classes or make the default listener classes and their required dependencies available. Offending class: [org/springframework/transaction/interceptor/TransactionAttributeSource]
22:28:28.278 [main] DEBUG org.springframework.boot.test.context.SpringBootTestContextBootstrapper - Skipping candidate TestExecutionListener [org.springframework.test.context.jdbc.SqlScriptsTestExecutionListener] due to a missing dependency. Specify custom listener classes or make the default listener classes and their required dependencies available. Offending class: [org/springframework/transaction/interceptor/TransactionAttribute]
22:28:28.279 [main] INFO org.springframework.boot.test.context.SpringBootTestContextBootstrapper - Using TestExecutionListeners: [org.springframework.test.context.support.DirtiesContextBeforeModesTestExecutionListener@2570b316, org.springframework.boot.test.mock.mockito.MockitoTestExecutionListener@56881196, org.springframework.boot.test.autoconfigure.SpringBootDependencyInjectionTestExecutionListener@75c33608, org.springframework.test.context.support.DirtiesContextTestExecutionListener@25464154, org.springframework.test.context.event.EventPublishingTestExecutionListener@58ebee9, org.springframework.boot.test.mock.mockito.ResetMocksTestExecutionListener@131c0b6f, org.springframework.boot.test.autoconfigure.restdocs.RestDocsTestExecutionListener@7f030c72, org.springframework.boot.test.autoconfigure.web.client.MockRestServiceServerResetTestExecutionListener@68d8ae27, org.springframework.boot.test.autoconfigure.web.servlet.MockMvcPrintOnlyOnFailureTestExecutionListener@18513c23, org.springframework.boot.test.autoconfigure.web.servlet.WebDriverTestExecutionListener@6be50b35, org.springframework.boot.test.autoconfigure.webservices.client.MockWebServiceServerTestExecutionListener@ce2eaa7]
22:28:28.288 [main] DEBUG org.springframework.test.context.support.AbstractDirtiesContextTestExecutionListener - Before test class: context [DefaultTestContext@241d1052 testClass = MainTest, testInstance = [null], testMethod = [null], testException = [null], mergedContextConfiguration = [MergedContextConfiguration@7b3c0ecb testClass = MainTest, locations = '{}', classes = '{class rmv.oop.task4.Main}', contextInitializerClasses = '[]', activeProfiles = '{}', propertySourceLocations = '{}', propertySourceProperties = '{org.springframework.boot.test.context.SpringBootTestContextBootstrapper=true}', contextCustomizers = set[org.springframework.boot.test.context.filter.ExcludeFilterContextCustomizer@350ec690, org.springframework.boot.test.json.DuplicateJsonObjectContextCustomizerFactory$DuplicateJsonObjectContextCustomizer@1cfc2538, org.springframework.boot.test.mock.mockito.MockitoContextCustomizer@0, org.springframework.boot.test.web.client.TestRestTemplateContextCustomizer@1fedf0a4, org.springframework.boot.test.autoconfigure.properties.PropertyMappingContextCustomizer@0, org.springframework.boot.test.autoconfigure.web.servlet.WebDriverContextCustomizerFactory$Customizer@53b1a3f8, org.springframework.boot.test.context.SpringBootTestArgs@1], contextLoader = 'org.springframework.boot.test.context.SpringBootContextLoader', parent = [null]], attributes = map[[empty]]], class annotated with @DirtiesContext [false] with mode [null].
22:28:29.475 [main] DEBUG org.springframework.test.context.support.DependencyInjectionTestExecutionListener - Performing dependency injection for test context [[DefaultTestContext@241d1052 testClass = MainTest, testInstance = rmv.oop.task4.MainTest@53ce27fa, testMethod = [null], testException = [null], mergedContextConfiguration = [MergedContextConfiguration@7b3c0ecb testClass = MainTest, locations = '{}', classes = '{class rmv.oop.task4.Main}', contextInitializerClasses = '[]', activeProfiles = '{}', propertySourceLocations = '{}', propertySourceProperties = '{org.springframework.boot.test.context.SpringBootTestContextBootstrapper=true}', contextCustomizers = set[org.springframework.boot.test.context.filter.ExcludeFilterContextCustomizer@350ec690, org.springframework.boot.test.json.DuplicateJsonObjectContextCustomizerFactory$DuplicateJsonObjectContextCustomizer@1cfc2538, org.springframework.boot.test.mock.mockito.MockitoContextCustomizer@0, org.springframework.boot.test.web.client.TestRestTemplateContextCustomizer@1fedf0a4, org.springframework.boot.test.autoconfigure.properties.PropertyMappingContextCustomizer@0, org.springframework.boot.test.autoconfigure.web.servlet.WebDriverContextCustomizerFactory$Customizer@53b1a3f8, org.springframework.boot.test.context.SpringBootTestArgs@1], contextLoader = 'org.springframework.boot.test.context.SpringBootContextLoader', parent = [null]], attributes = map[[empty]]]].
22:28:29.517 [main] DEBUG org.springframework.test.context.support.TestPropertySourceUtils - Adding inlined properties to environment: {spring.jmx.enabled=false, org.springframework.boot.test.context.SpringBootTestContextBootstrapper=true}

  .   ____          _            __ _ _
 /\\ / ___'_ __ _ _(_)_ __  __ _ \ \ \ \
( ( )\___ | '_ | '_| | '_ \/ _` | \ \ \ \
 \\/  ___)| |_)| | | | | || (_| |  ) ) ) )
  '  |____| .__|_| |_|_| |_\__, | / / / /
 =========|_|==============|___/=/_/_/_/
 :: Spring Boot ::        (v2.3.2.RELEASE)

2020-09-20 22:28:30.006  INFO 8228 --- [           main] rmv.oop.task4.MainTest                   : Starting MainTest on DESKTOP-RG6D7K9 with PID 8228 (started by Rostyslav in D:\Users\Rostyslav\IdeaProjects\ClassInfo)
2020-09-20 22:28:30.009  INFO 8228 --- [           main] rmv.oop.task4.MainTest                   : No active profile set, falling back to default profiles: default
2020-09-20 22:28:30.819  INFO 8228 --- [           main] rmv.oop.task4.MainTest                   : Started MainTest in 1.298 seconds (JVM running for 4.714)
Class file path: D:/Users/Rostyslav/IdeaProjects/ClassInfo/src/main/java/rmv/oop/task4/model/TestClass1.class. Class with package: rmv.oop.task4.model.TestClass1
public rmv.oop.task4.model.TestClass1
-------------
Fields:
private java.lang.String name
private int number
private static transient [Z $jacocoData
-------------
Constructors:
public rmv.oop.task4.model.TestClass1
 Parameters types: java.lang.String, int
---
-------------
public final wait
 Parameters types: long, int
---
public final wait
 Parameters types: 
---
public final native wait
 Parameters types: long
---
public equals
 Parameters types: java.lang.Object
---
public toString
 Parameters types: 
---
public native hashCode
 Parameters types: 
---
public final native getClass
 Parameters types: 
---
public final native notify
 Parameters types: 
---
public final native notifyAll
 Parameters types: 
---
Class file path: D:/Users/Rostyslav/IdeaProjects/ClassInfo/src/main/java/rmv/oop/task4/model/TestClass2.class. Class with package: rmv.oop.task4.model.TestClass2
public rmv.oop.task4.model.TestClass2
-------------
Fields:
private rmv.oop.task4.model.TestClass1 testClass1
private java.lang.Boolean aBoolean
private static transient [Z $jacocoData
-------------
Constructors:
public rmv.oop.task4.model.TestClass2
 Parameters types: rmv.oop.task4.model.TestClass1, java.lang.Boolean
---
-------------
public getTestClass1
 Parameters types: 
---
public getABoolean
 Parameters types: 
---
public setTestClass1
 Parameters types: rmv.oop.task4.model.TestClass1
---
public setABoolean
 Parameters types: java.lang.Boolean
---
public final wait
 Parameters types: long, int
---
public final wait
 Parameters types: 
---
public final native wait
 Parameters types: long
---
public equals
 Parameters types: java.lang.Object
---
public toString
 Parameters types: 
---
public native hashCode
 Parameters types: 
---
public final native getClass
 Parameters types: 
---
public final native notify
 Parameters types: 
---
public final native notifyAll
 Parameters types: 
---
]]></system-out>
  </testcase>
</testsuite>