<?xml version="1.0" encoding="UTF-8"?>
<testsuite xmlns:xsi="http://www.w3.org/2001/XMLSchema-instance" xsi:noNamespaceSchemaLocation="https://maven.apache.org/surefire/maven-surefire-plugin/xsd/surefire-test-report.xsd" name="com.rmv.oop.lab1.main.service.NecklacePrintsTest" time="0.038" tests="3" errors="0" skipped="0" failures="0">
  <properties>
[...]
</properties>
  <testcase name="print" classname="com.rmv.oop.lab1.main.service.NecklacePrintsTest" time="0.006"/>
  <testcase name="printWithClarity" classname="com.rmv.oop.lab1.main.service.NecklacePrintsTest" time="0"/>
  <testcase name="printWithClarityBadArguments" classname="com.rmv.oop.lab1.main.service.NecklacePrintsTest" time="0"/>
</testsuite>